<?xml version="1.0" encoding="UTF-8"?>
<!-- Generated by org.testng.reporters.JUnitReportReporter -->
<testsuite skipped="0" hostname="PD3020-4Z7S022" name="com.opus.Testcase.NewuserScreen" tests="2" failures="0" timestamp="29 Jan 2019 05:58:49 GMT" time="13.666" errors="0">
  <testcase name="verifyNewUserScreen" time="10.455" classname="com.opus.Testcase.NewuserScreen"/>
  <testcase name="verifyUsersFilters" time="3.211" classname="com.opus.Testcase.NewuserScreen"/>
</testsuite> <!-- com.opus.Testcase.NewuserScreen -->
