<?xml version="1.0" encoding="UTF-8"?>
<!-- Generated by org.testng.reporters.JUnitReportReporter -->
<testsuite skipped="0" hostname="PL3450-95K9042" name="com.opus.Testcase.newuserScreen" tests="2" failures="0" timestamp="31 Jan 2019 02:50:50 GMT" time="44.186" errors="0">
  <testcase name="verifyNewUserScreen" time="30.938" classname="com.opus.Testcase.newuserScreen"/>
  <testcase name="verifyUsersFilters" time="13.248" classname="com.opus.Testcase.newuserScreen"/>
</testsuite> <!-- com.opus.Testcase.newuserScreen -->
